[0.073s] DEBUG:colcon:Command line arguments: ['/usr/bin/colcon', 'build', '--symlink-install']
[0.073s] DEBUG:colcon:Parsed command line arguments: Namespace(log_base=None, log_level=None, verb_name='build', build_base='build', install_base='install', merge_install=False, symlink_install=True, test_result_base=None, continue_on_error=False, executor='parallel', parallel_workers=16, event_handlers=None, ignore_user_meta=False, metas=['./colcon.meta'], base_paths=['.'], packages_ignore=None, packages_ignore_regex=None, paths=None, packages_up_to=None, packages_up_to_regex=None, packages_above=None, packages_above_and_dependencies=None, packages_above_depth=None, packages_select_by_dep=None, packages_skip_by_dep=None, packages_skip_up_to=None, packages_select_build_failed=False, packages_skip_build_finished=False, packages_select_test_failures=False, packages_skip_test_passed=False, packages_select=None, packages_skip=None, packages_select_regex=None, packages_skip_regex=None, packages_start=None, packages_end=None, allow_overriding=[], cmake_args=None, cmake_target=None, cmake_target_skip_unavailable=False, cmake_clean_cache=False, cmake_clean_first=False, cmake_force_configure=False, ament_cmake_args=None, catkin_cmake_args=None, catkin_skip_building_tests=False, verb_parser=<colcon_defaults.argument_parser.defaults.DefaultArgumentsDecorator object at 0x784ba5feb010>, verb_extension=<colcon_core.verb.build.BuildVerb object at 0x784ba5feaa10>, main=<bound method BuildVerb.main of <colcon_core.verb.build.BuildVerb object at 0x784ba5feaa10>>)
[0.184s] Level 1:colcon.colcon_core.package_discovery:discover_packages(colcon_meta) check parameters
[0.184s] Level 1:colcon.colcon_core.package_discovery:discover_packages(recursive) check parameters
[0.184s] Level 1:colcon.colcon_core.package_discovery:discover_packages(ignore) check parameters
[0.184s] Level 1:colcon.colcon_core.package_discovery:discover_packages(path) check parameters
[0.184s] Level 1:colcon.colcon_core.package_discovery:discover_packages(colcon_meta) discover
[0.184s] Level 1:colcon.colcon_core.package_discovery:discover_packages(recursive) discover
[0.184s] INFO:colcon.colcon_core.package_discovery:Crawling recursively for packages in '/home/xingyu/projects/VLM_Grasp_Interactive/ros2_ws'
[0.184s] Level 1:colcon.colcon_core.package_identification:_identify(.) by extensions ['ignore', 'ignore_ament_install']
[0.184s] Level 1:colcon.colcon_core.package_identification:_identify(.) by extension 'ignore'
[0.184s] Level 1:colcon.colcon_core.package_identification:_identify(.) by extension 'ignore_ament_install'
[0.184s] Level 1:colcon.colcon_core.package_identification:_identify(.) by extensions ['colcon_pkg']
[0.184s] Level 1:colcon.colcon_core.package_identification:_identify(.) by extension 'colcon_pkg'
[0.184s] Level 1:colcon.colcon_core.package_identification:_identify(.) by extensions ['colcon_meta']
[0.184s] Level 1:colcon.colcon_core.package_identification:_identify(.) by extension 'colcon_meta'
[0.185s] Level 1:colcon.colcon_core.package_identification:_identify(.) by extensions ['ros']
[0.185s] Level 1:colcon.colcon_core.package_identification:_identify(.) by extension 'ros'
[0.192s] Level 1:colcon.colcon_core.package_identification:_identify(.) by extensions ['cmake', 'python']
[0.192s] Level 1:colcon.colcon_core.package_identification:_identify(.) by extension 'cmake'
[0.192s] Level 1:colcon.colcon_core.package_identification:_identify(.) by extension 'python'
[0.192s] Level 1:colcon.colcon_core.package_identification:_identify(.) by extensions ['python_setup_py']
[0.192s] Level 1:colcon.colcon_core.package_identification:_identify(.) by extension 'python_setup_py'
[0.192s] Level 1:colcon.colcon_core.package_identification:_identify(build) by extensions ['ignore', 'ignore_ament_install']
[0.193s] Level 1:colcon.colcon_core.package_identification:_identify(build) by extension 'ignore'
[0.193s] Level 1:colcon.colcon_core.package_identification:_identify(build) ignored
[0.193s] Level 1:colcon.colcon_core.package_identification:_identify(install) by extensions ['ignore', 'ignore_ament_install']
[0.193s] Level 1:colcon.colcon_core.package_identification:_identify(install) by extension 'ignore'
[0.193s] Level 1:colcon.colcon_core.package_identification:_identify(install) ignored
[0.193s] Level 1:colcon.colcon_core.package_identification:_identify(log) by extensions ['ignore', 'ignore_ament_install']
[0.193s] Level 1:colcon.colcon_core.package_identification:_identify(log) by extension 'ignore'
[0.193s] Level 1:colcon.colcon_core.package_identification:_identify(log) ignored
[0.193s] Level 1:colcon.colcon_core.package_identification:_identify(src) by extensions ['ignore', 'ignore_ament_install']
[0.193s] Level 1:colcon.colcon_core.package_identification:_identify(src) by extension 'ignore'
[0.193s] Level 1:colcon.colcon_core.package_identification:_identify(src) by extension 'ignore_ament_install'
[0.193s] Level 1:colcon.colcon_core.package_identification:_identify(src) by extensions ['colcon_pkg']
[0.193s] Level 1:colcon.colcon_core.package_identification:_identify(src) by extension 'colcon_pkg'
[0.193s] Level 1:colcon.colcon_core.package_identification:_identify(src) by extensions ['colcon_meta']
[0.193s] Level 1:colcon.colcon_core.package_identification:_identify(src) by extension 'colcon_meta'
[0.193s] Level 1:colcon.colcon_core.package_identification:_identify(src) by extensions ['ros']
[0.193s] Level 1:colcon.colcon_core.package_identification:_identify(src) by extension 'ros'
[0.193s] Level 1:colcon.colcon_core.package_identification:_identify(src) by extensions ['cmake', 'python']
[0.193s] Level 1:colcon.colcon_core.package_identification:_identify(src) by extension 'cmake'
[0.193s] Level 1:colcon.colcon_core.package_identification:_identify(src) by extension 'python'
[0.193s] Level 1:colcon.colcon_core.package_identification:_identify(src) by extensions ['python_setup_py']
[0.193s] Level 1:colcon.colcon_core.package_identification:_identify(src) by extension 'python_setup_py'
[0.193s] Level 1:colcon.colcon_core.package_identification:_identify(src/vlm_ros2_interface) by extensions ['ignore', 'ignore_ament_install']
[0.193s] Level 1:colcon.colcon_core.package_identification:_identify(src/vlm_ros2_interface) by extension 'ignore'
[0.194s] Level 1:colcon.colcon_core.package_identification:_identify(src/vlm_ros2_interface) by extension 'ignore_ament_install'
[0.194s] Level 1:colcon.colcon_core.package_identification:_identify(src/vlm_ros2_interface) by extensions ['colcon_pkg']
[0.194s] Level 1:colcon.colcon_core.package_identification:_identify(src/vlm_ros2_interface) by extension 'colcon_pkg'
[0.194s] Level 1:colcon.colcon_core.package_identification:_identify(src/vlm_ros2_interface) by extensions ['colcon_meta']
[0.194s] Level 1:colcon.colcon_core.package_identification:_identify(src/vlm_ros2_interface) by extension 'colcon_meta'
[0.194s] Level 1:colcon.colcon_core.package_identification:_identify(src/vlm_ros2_interface) by extensions ['ros']
[0.194s] Level 1:colcon.colcon_core.package_identification:_identify(src/vlm_ros2_interface) by extension 'ros'
[0.195s] DEBUG:colcon.colcon_core.package_identification:Package 'src/vlm_ros2_interface' with type 'ros.ament_python' and name 'vlm_ros2_interface'
[0.196s] Level 1:colcon.colcon_core.package_discovery:discover_packages(recursive) using defaults
[0.196s] Level 1:colcon.colcon_core.package_discovery:discover_packages(ignore) discover
[0.196s] Level 1:colcon.colcon_core.package_discovery:discover_packages(ignore) using defaults
[0.196s] Level 1:colcon.colcon_core.package_discovery:discover_packages(path) discover
[0.196s] Level 1:colcon.colcon_core.package_discovery:discover_packages(path) using defaults
[0.209s] Level 1:colcon.colcon_core.package_discovery:discover_packages(prefix_path) check parameters
[0.209s] Level 1:colcon.colcon_core.package_discovery:discover_packages(prefix_path) discover
[0.211s] DEBUG:colcon.colcon_installed_package_information.package_discovery:Found 272 installed packages in /opt/ros/humble
[0.212s] Level 1:colcon.colcon_core.package_discovery:discover_packages(prefix_path) using defaults
[0.249s] Level 5:colcon.colcon_core.verb:set package 'vlm_ros2_interface' build argument 'cmake_args' from command line to 'None'
[0.249s] Level 5:colcon.colcon_core.verb:set package 'vlm_ros2_interface' build argument 'cmake_target' from command line to 'None'
[0.249s] Level 5:colcon.colcon_core.verb:set package 'vlm_ros2_interface' build argument 'cmake_target_skip_unavailable' from command line to 'False'
[0.250s] Level 5:colcon.colcon_core.verb:set package 'vlm_ros2_interface' build argument 'cmake_clean_cache' from command line to 'False'
[0.250s] Level 5:colcon.colcon_core.verb:set package 'vlm_ros2_interface' build argument 'cmake_clean_first' from command line to 'False'
[0.250s] Level 5:colcon.colcon_core.verb:set package 'vlm_ros2_interface' build argument 'cmake_force_configure' from command line to 'False'
[0.250s] Level 5:colcon.colcon_core.verb:set package 'vlm_ros2_interface' build argument 'ament_cmake_args' from command line to 'None'
[0.250s] Level 5:colcon.colcon_core.verb:set package 'vlm_ros2_interface' build argument 'catkin_cmake_args' from command line to 'None'
[0.250s] Level 5:colcon.colcon_core.verb:set package 'vlm_ros2_interface' build argument 'catkin_skip_building_tests' from command line to 'False'
[0.250s] DEBUG:colcon.colcon_core.verb:Building package 'vlm_ros2_interface' with the following arguments: {'ament_cmake_args': None, 'build_base': '/home/xingyu/projects/VLM_Grasp_Interactive/ros2_ws/build/vlm_ros2_interface', 'catkin_cmake_args': None, 'catkin_skip_building_tests': False, 'cmake_args': None, 'cmake_clean_cache': False, 'cmake_clean_first': False, 'cmake_force_configure': False, 'cmake_target': None, 'cmake_target_skip_unavailable': False, 'install_base': '/home/xingyu/projects/VLM_Grasp_Interactive/ros2_ws/install/vlm_ros2_interface', 'merge_install': False, 'path': '/home/xingyu/projects/VLM_Grasp_Interactive/ros2_ws/src/vlm_ros2_interface', 'symlink_install': True, 'test_result_base': None}
[0.250s] INFO:colcon.colcon_core.executor:Executing jobs using 'parallel' executor
[0.250s] DEBUG:colcon.colcon_parallel_executor.executor.parallel:run_until_complete
[0.251s] INFO:colcon.colcon_ros.task.ament_python.build:Building ROS package in '/home/xingyu/projects/VLM_Grasp_Interactive/ros2_ws/src/vlm_ros2_interface' with build type 'ament_python'
[0.251s] Level 1:colcon.colcon_core.shell:create_environment_hook('vlm_ros2_interface', 'ament_prefix_path')
[0.252s] INFO:colcon.colcon_core.plugin_system:Skipping extension 'colcon_core.shell.bat': Not used on non-Windows systems
[0.252s] INFO:colcon.colcon_core.shell:Creating environment hook '/home/xingyu/projects/VLM_Grasp_Interactive/ros2_ws/install/vlm_ros2_interface/share/vlm_ros2_interface/hook/ament_prefix_path.ps1'
[0.253s] INFO:colcon.colcon_core.shell:Creating environment descriptor '/home/xingyu/projects/VLM_Grasp_Interactive/ros2_ws/install/vlm_ros2_interface/share/vlm_ros2_interface/hook/ament_prefix_path.dsv'
[0.253s] INFO:colcon.colcon_core.shell:Creating environment hook '/home/xingyu/projects/VLM_Grasp_Interactive/ros2_ws/install/vlm_ros2_interface/share/vlm_ros2_interface/hook/ament_prefix_path.sh'
[0.254s] INFO:colcon.colcon_core.shell:Skip shell extension 'powershell' for command environment: Not usable outside of PowerShell
[0.254s] DEBUG:colcon.colcon_core.shell:Skip shell extension 'dsv' for command environment
[0.425s] INFO:colcon.colcon_core.task.python.build:Building Python package in '/home/xingyu/projects/VLM_Grasp_Interactive/ros2_ws/src/vlm_ros2_interface'
[0.426s] INFO:colcon.colcon_core.shell:Skip shell extension 'powershell' for command environment: Not usable outside of PowerShell
[0.426s] DEBUG:colcon.colcon_core.shell:Skip shell extension 'dsv' for command environment
[0.652s] DEBUG:colcon.colcon_core.event_handler.log_command:Invoking command in '/home/xingyu/projects/VLM_Grasp_Interactive/ros2_ws/build/vlm_ros2_interface': PYTHONPATH=/home/xingyu/projects/VLM_Grasp_Interactive/ros2_ws/build/vlm_ros2_interface/prefix_override:/usr/lib/python3/dist-packages/colcon_core/task/python/colcon_distutils_commands:/home/xingyu/projects/VLM_Grasp_Interactive/ros2_ws/install/vlm_ros2_interface/lib/python3.10/site-packages:${PYTHONPATH} /usr/bin/python3 -W ignore:setup.py install is deprecated -W ignore:easy_install command is deprecated setup.py develop --editable --build-directory /home/xingyu/projects/VLM_Grasp_Interactive/ros2_ws/build/vlm_ros2_interface/build --no-deps symlink_data
[0.948s] Level 1:colcon.colcon_core.shell:create_environment_hook('vlm_ros2_interface', 'pythonpath_develop')
[0.948s] INFO:colcon.colcon_core.shell:Creating environment hook '/home/xingyu/projects/VLM_Grasp_Interactive/ros2_ws/build/vlm_ros2_interface/share/vlm_ros2_interface/hook/pythonpath_develop.ps1'
[0.949s] DEBUG:colcon.colcon_core.event_handler.log_command:Invoked command in '/home/xingyu/projects/VLM_Grasp_Interactive/ros2_ws/build/vlm_ros2_interface' returned '0': PYTHONPATH=/home/xingyu/projects/VLM_Grasp_Interactive/ros2_ws/build/vlm_ros2_interface/prefix_override:/usr/lib/python3/dist-packages/colcon_core/task/python/colcon_distutils_commands:/home/xingyu/projects/VLM_Grasp_Interactive/ros2_ws/install/vlm_ros2_interface/lib/python3.10/site-packages:${PYTHONPATH} /usr/bin/python3 -W ignore:setup.py install is deprecated -W ignore:easy_install command is deprecated setup.py develop --editable --build-directory /home/xingyu/projects/VLM_Grasp_Interactive/ros2_ws/build/vlm_ros2_interface/build --no-deps symlink_data
[0.949s] INFO:colcon.colcon_core.shell:Creating environment descriptor '/home/xingyu/projects/VLM_Grasp_Interactive/ros2_ws/build/vlm_ros2_interface/share/vlm_ros2_interface/hook/pythonpath_develop.dsv'
[0.949s] INFO:colcon.colcon_core.shell:Creating environment hook '/home/xingyu/projects/VLM_Grasp_Interactive/ros2_ws/build/vlm_ros2_interface/share/vlm_ros2_interface/hook/pythonpath_develop.sh'
[0.951s] Level 1:colcon.colcon_core.environment:checking '/home/xingyu/projects/VLM_Grasp_Interactive/ros2_ws/install/vlm_ros2_interface' for CMake module files
[0.951s] Level 1:colcon.colcon_core.environment:checking '/home/xingyu/projects/VLM_Grasp_Interactive/ros2_ws/install/vlm_ros2_interface' for CMake config files
[0.952s] Level 1:colcon.colcon_core.environment:checking '/home/xingyu/projects/VLM_Grasp_Interactive/ros2_ws/install/vlm_ros2_interface/lib'
[0.952s] Level 1:colcon.colcon_core.environment:checking '/home/xingyu/projects/VLM_Grasp_Interactive/ros2_ws/install/vlm_ros2_interface/bin'
[0.952s] Level 1:colcon.colcon_core.environment:checking '/home/xingyu/projects/VLM_Grasp_Interactive/ros2_ws/install/vlm_ros2_interface/lib/pkgconfig/vlm_ros2_interface.pc'
[0.952s] Level 1:colcon.colcon_core.environment:checking '/home/xingyu/projects/VLM_Grasp_Interactive/ros2_ws/install/vlm_ros2_interface/lib/python3.10/site-packages'
[0.952s] Level 1:colcon.colcon_core.shell:create_environment_hook('vlm_ros2_interface', 'pythonpath')
[0.952s] INFO:colcon.colcon_core.shell:Creating environment hook '/home/xingyu/projects/VLM_Grasp_Interactive/ros2_ws/install/vlm_ros2_interface/share/vlm_ros2_interface/hook/pythonpath.ps1'
[0.953s] INFO:colcon.colcon_core.shell:Creating environment descriptor '/home/xingyu/projects/VLM_Grasp_Interactive/ros2_ws/install/vlm_ros2_interface/share/vlm_ros2_interface/hook/pythonpath.dsv'
[0.953s] INFO:colcon.colcon_core.shell:Creating environment hook '/home/xingyu/projects/VLM_Grasp_Interactive/ros2_ws/install/vlm_ros2_interface/share/vlm_ros2_interface/hook/pythonpath.sh'
[0.954s] Level 1:colcon.colcon_core.environment:checking '/home/xingyu/projects/VLM_Grasp_Interactive/ros2_ws/install/vlm_ros2_interface/bin'
[0.954s] Level 1:colcon.colcon_core.environment:create_environment_scripts_only(vlm_ros2_interface)
[0.954s] INFO:colcon.colcon_core.shell:Creating package script '/home/xingyu/projects/VLM_Grasp_Interactive/ros2_ws/install/vlm_ros2_interface/share/vlm_ros2_interface/package.ps1'
[0.954s] INFO:colcon.colcon_core.shell:Creating package descriptor '/home/xingyu/projects/VLM_Grasp_Interactive/ros2_ws/install/vlm_ros2_interface/share/vlm_ros2_interface/package.dsv'
[0.955s] INFO:colcon.colcon_core.shell:Creating package script '/home/xingyu/projects/VLM_Grasp_Interactive/ros2_ws/install/vlm_ros2_interface/share/vlm_ros2_interface/package.sh'
[0.955s] INFO:colcon.colcon_core.shell:Creating package script '/home/xingyu/projects/VLM_Grasp_Interactive/ros2_ws/install/vlm_ros2_interface/share/vlm_ros2_interface/package.bash'
[0.956s] INFO:colcon.colcon_core.shell:Creating package script '/home/xingyu/projects/VLM_Grasp_Interactive/ros2_ws/install/vlm_ros2_interface/share/vlm_ros2_interface/package.zsh'
[0.956s] Level 1:colcon.colcon_core.environment:create_file_with_runtime_dependencies(/home/xingyu/projects/VLM_Grasp_Interactive/ros2_ws/install/vlm_ros2_interface/share/colcon-core/packages/vlm_ros2_interface)
[0.956s] DEBUG:colcon.colcon_parallel_executor.executor.parallel:closing loop
[0.957s] DEBUG:colcon.colcon_parallel_executor.executor.parallel:loop closed
[0.957s] DEBUG:colcon.colcon_parallel_executor.executor.parallel:run_until_complete finished with '0'
[0.957s] DEBUG:colcon.colcon_core.event_reactor:joining thread
[0.960s] INFO:colcon.colcon_core.plugin_system:Skipping extension 'colcon_notification.desktop_notification.terminal_notifier': Not used on non-Darwin systems
[0.960s] INFO:colcon.colcon_core.plugin_system:Skipping extension 'colcon_notification.desktop_notification.win32': Not used on non-Windows systems
[0.960s] INFO:colcon.colcon_notification.desktop_notification:Sending desktop notification using 'notify2'
[0.968s] DEBUG:colcon.colcon_core.event_reactor:joined thread
[0.969s] INFO:colcon.colcon_core.shell:Creating prefix script '/home/xingyu/projects/VLM_Grasp_Interactive/ros2_ws/install/local_setup.ps1'
[0.970s] INFO:colcon.colcon_core.shell:Creating prefix util module '/home/xingyu/projects/VLM_Grasp_Interactive/ros2_ws/install/_local_setup_util_ps1.py'
[0.971s] INFO:colcon.colcon_core.shell:Creating prefix chain script '/home/xingyu/projects/VLM_Grasp_Interactive/ros2_ws/install/setup.ps1'
[0.971s] INFO:colcon.colcon_core.shell:Creating prefix script '/home/xingyu/projects/VLM_Grasp_Interactive/ros2_ws/install/local_setup.sh'
[0.972s] INFO:colcon.colcon_core.shell:Creating prefix util module '/home/xingyu/projects/VLM_Grasp_Interactive/ros2_ws/install/_local_setup_util_sh.py'
[0.972s] INFO:colcon.colcon_core.shell:Creating prefix chain script '/home/xingyu/projects/VLM_Grasp_Interactive/ros2_ws/install/setup.sh'
[0.973s] INFO:colcon.colcon_core.shell:Creating prefix script '/home/xingyu/projects/VLM_Grasp_Interactive/ros2_ws/install/local_setup.bash'
[0.973s] INFO:colcon.colcon_core.shell:Creating prefix chain script '/home/xingyu/projects/VLM_Grasp_Interactive/ros2_ws/install/setup.bash'
[0.973s] INFO:colcon.colcon_core.shell:Creating prefix script '/home/xingyu/projects/VLM_Grasp_Interactive/ros2_ws/install/local_setup.zsh'
[0.974s] INFO:colcon.colcon_core.shell:Creating prefix chain script '/home/xingyu/projects/VLM_Grasp_Interactive/ros2_ws/install/setup.zsh'
