[0.401s] Invoking command in '/home/xingyu/projects/VLM_Grasp_Interactive/ros2_ws/build/vlm_ros2_interface': PYTHONPATH=/home/xingyu/projects/VLM_Grasp_Interactive/ros2_ws/build/vlm_ros2_interface/prefix_override:/usr/lib/python3/dist-packages/colcon_core/task/python/colcon_distutils_commands:/home/xingyu/projects/VLM_Grasp_Interactive/ros2_ws/install/vlm_ros2_interface/lib/python3.10/site-packages:${PYTHONPATH} /usr/bin/python3 -W ignore:setup.py install is deprecated -W ignore:easy_install command is deprecated setup.py develop --editable --build-directory /home/xingyu/projects/VLM_Grasp_Interactive/ros2_ws/build/vlm_ros2_interface/build --no-deps symlink_data
[0.574s] running develop
[0.676s] running egg_info
[0.677s] creating vlm_ros2_interface.egg-info
[0.677s] writing vlm_ros2_interface.egg-info/PKG-INFO
[0.677s] writing dependency_links to vlm_ros2_interface.egg-info/dependency_links.txt
[0.677s] writing entry points to vlm_ros2_interface.egg-info/entry_points.txt
[0.677s] writing requirements to vlm_ros2_interface.egg-info/requires.txt
[0.677s] writing top-level names to vlm_ros2_interface.egg-info/top_level.txt
[0.677s] writing manifest file 'vlm_ros2_interface.egg-info/SOURCES.txt'
[0.678s] reading manifest file 'vlm_ros2_interface.egg-info/SOURCES.txt'
[0.678s] writing manifest file 'vlm_ros2_interface.egg-info/SOURCES.txt'
[0.679s] running build_ext
[0.679s] Creating /home/xingyu/projects/VLM_Grasp_Interactive/ros2_ws/install/vlm_ros2_interface/lib/python3.10/site-packages/vlm-ros2-interface.egg-link (link to .)
[0.680s] Installing mujoco_bridge script to /home/xingyu/projects/VLM_Grasp_Interactive/ros2_ws/install/vlm_ros2_interface/lib/vlm_ros2_interface
[0.680s] Installing vlm_client script to /home/xingyu/projects/VLM_Grasp_Interactive/ros2_ws/install/vlm_ros2_interface/lib/vlm_ros2_interface
[0.680s] 
[0.680s] Installed /home/xingyu/projects/VLM_Grasp_Interactive/ros2_ws/build/vlm_ros2_interface
[0.680s] running symlink_data
[0.680s] creating /home/xingyu/projects/VLM_Grasp_Interactive/ros2_ws/install/vlm_ros2_interface/share/ament_index
[0.680s] creating /home/xingyu/projects/VLM_Grasp_Interactive/ros2_ws/install/vlm_ros2_interface/share/ament_index/resource_index
[0.680s] creating /home/xingyu/projects/VLM_Grasp_Interactive/ros2_ws/install/vlm_ros2_interface/share/ament_index/resource_index/packages
[0.680s] symbolically linking /home/xingyu/projects/VLM_Grasp_Interactive/ros2_ws/build/vlm_ros2_interface/resource/vlm_ros2_interface -> /home/xingyu/projects/VLM_Grasp_Interactive/ros2_ws/install/vlm_ros2_interface/share/ament_index/resource_index/packages
[0.681s] symbolically linking /home/xingyu/projects/VLM_Grasp_Interactive/ros2_ws/build/vlm_ros2_interface/package.xml -> /home/xingyu/projects/VLM_Grasp_Interactive/ros2_ws/install/vlm_ros2_interface/share/vlm_ros2_interface
[0.698s] Invoked command in '/home/xingyu/projects/VLM_Grasp_Interactive/ros2_ws/build/vlm_ros2_interface' returned '0': PYTHONPATH=/home/xingyu/projects/VLM_Grasp_Interactive/ros2_ws/build/vlm_ros2_interface/prefix_override:/usr/lib/python3/dist-packages/colcon_core/task/python/colcon_distutils_commands:/home/xingyu/projects/VLM_Grasp_Interactive/ros2_ws/install/vlm_ros2_interface/lib/python3.10/site-packages:${PYTHONPATH} /usr/bin/python3 -W ignore:setup.py install is deprecated -W ignore:easy_install command is deprecated setup.py develop --editable --build-directory /home/xingyu/projects/VLM_Grasp_Interactive/ros2_ws/build/vlm_ros2_interface/build --no-deps symlink_data
